0 info it worked if it ends with ok
1 verbose cli [ '/usr/local/bin/node', '/usr/local/bin/npm', 'install' ]
2 info using npm@1.4.28
3 info using node@v0.10.34
4 warn package.json intranet@0.0.0 No description
5 warn package.json intranet@0.0.0 No repository field.
6 warn package.json intranet@0.0.0 No README data
7 verbose readDependencies using package.json deps
8 verbose install where, deps [ '/var/www/html/node/intranet/server',
8 verbose install   [ 'MD5',
8 verbose install     'body-parser',
8 verbose install     'connect-multiparty',
8 verbose install     'cookie-parser',
8 verbose install     'csv-parse',
8 verbose install     'express',
8 verbose install     'express-session',
8 verbose install     'flat',
8 verbose install     'fs.extra',
8 verbose install     'mmmagic',
8 verbose install     'mongoose',
8 verbose install     'node-schedule',
8 verbose install     'nodemailer',
8 verbose install     'nodemailer-smtp-transport',
8 verbose install     'puid',
8 verbose install     'q',
8 verbose install     'should',
8 verbose install     'superagent',
8 verbose install     'underscore',
8 verbose install     'xmlhttprequest',
8 verbose install     'mocha',
8 verbose install     'chai',
8 verbose install     'request',
8 verbose install     'jquery' ] ]
9 info preinstall intranet@0.0.0
10 verbose readDependencies using package.json deps
11 verbose already installed skipping MD5@* /var/www/html/node/intranet/server
12 verbose already installed skipping body-parser@* /var/www/html/node/intranet/server
13 verbose already installed skipping connect-multiparty@* /var/www/html/node/intranet/server
14 verbose already installed skipping cookie-parser@* /var/www/html/node/intranet/server
15 verbose already installed skipping csv-parse@* /var/www/html/node/intranet/server
16 verbose already installed skipping express@* /var/www/html/node/intranet/server
17 verbose already installed skipping express-session@* /var/www/html/node/intranet/server
18 verbose already installed skipping flat@* /var/www/html/node/intranet/server
19 verbose already installed skipping fs.extra@* /var/www/html/node/intranet/server
20 verbose already installed skipping mmmagic@* /var/www/html/node/intranet/server
21 verbose already installed skipping mongoose@* /var/www/html/node/intranet/server
22 verbose already installed skipping node-schedule@^0.1.13 /var/www/html/node/intranet/server
23 verbose already installed skipping nodemailer@* /var/www/html/node/intranet/server
24 verbose already installed skipping nodemailer-smtp-transport@* /var/www/html/node/intranet/server
25 verbose already installed skipping puid@* /var/www/html/node/intranet/server
26 verbose already installed skipping q@* /var/www/html/node/intranet/server
27 verbose already installed skipping should@^4.4.1 /var/www/html/node/intranet/server
28 verbose already installed skipping superagent@^0.21.0 /var/www/html/node/intranet/server
29 verbose already installed skipping underscore@* /var/www/html/node/intranet/server
30 verbose already installed skipping xmlhttprequest@^1.6.0 /var/www/html/node/intranet/server
31 verbose already installed skipping mocha@* /var/www/html/node/intranet/server
32 verbose already installed skipping chai@* /var/www/html/node/intranet/server
33 verbose already installed skipping request@* /var/www/html/node/intranet/server
34 verbose already installed skipping jquery@^2.1.3 /var/www/html/node/intranet/server
35 silly resolved []
36 info build /var/www/html/node/intranet/server
37 verbose linkStuff [ false, false, false, '/var/www/html/node/intranet' ]
38 info linkStuff intranet@0.0.0
39 verbose linkBins intranet@0.0.0
40 verbose linkMans intranet@0.0.0
41 verbose rebuildBundles intranet@0.0.0
42 verbose rebuildBundles [ '.bin',
42 verbose rebuildBundles   'MD5',
42 verbose rebuildBundles   'body-parser',
42 verbose rebuildBundles   'chai',
42 verbose rebuildBundles   'connect-multiparty',
42 verbose rebuildBundles   'cookie-parser',
42 verbose rebuildBundles   'csv-parse',
42 verbose rebuildBundles   'express',
42 verbose rebuildBundles   'express-session',
42 verbose rebuildBundles   'flat',
42 verbose rebuildBundles   'formidable',
42 verbose rebuildBundles   'fs.extra',
42 verbose rebuildBundles   'jquery',
42 verbose rebuildBundles   'mmmagic',
42 verbose rebuildBundles   'mocha',
42 verbose rebuildBundles   'mongoose',
42 verbose rebuildBundles   'mongoose-schema-extend',
42 verbose rebuildBundles   'node-schedule',
42 verbose rebuildBundles   'nodemailer',
42 verbose rebuildBundles   'nodemailer-smtp-transport',
42 verbose rebuildBundles   'puid',
42 verbose rebuildBundles   'q',
42 verbose rebuildBundles   'request',
42 verbose rebuildBundles   'should',
42 verbose rebuildBundles   'superagent',
42 verbose rebuildBundles   'underscore',
42 verbose rebuildBundles   'xmlhttprequest' ]
43 verbose rebuild bundle /var/www/html/node/intranet/server/node_modules/formidable
44 info build /var/www/html/node/intranet/server/node_modules/formidable
45 info preinstall formidable@1.0.15
46 verbose linkStuff [ false,
46 verbose linkStuff   false,
46 verbose linkStuff   false,
46 verbose linkStuff   '/var/www/html/node/intranet/server/node_modules' ]
47 info linkStuff formidable@1.0.15
48 verbose linkBins formidable@1.0.15
49 verbose linkMans formidable@1.0.15
50 verbose rebuildBundles formidable@1.0.15
51 info install formidable@1.0.15
52 info postinstall formidable@1.0.15
53 verbose rebuild bundle /var/www/html/node/intranet/server/node_modules/mongoose-schema-extend
54 info build /var/www/html/node/intranet/server/node_modules/mongoose-schema-extend
55 info preinstall mongoose-schema-extend@0.1.7
56 verbose linkStuff [ false,
56 verbose linkStuff   false,
56 verbose linkStuff   false,
56 verbose linkStuff   '/var/www/html/node/intranet/server/node_modules' ]
57 info linkStuff mongoose-schema-extend@0.1.7
58 verbose linkBins mongoose-schema-extend@0.1.7
59 verbose linkMans mongoose-schema-extend@0.1.7
60 verbose rebuildBundles mongoose-schema-extend@0.1.7
61 verbose rebuildBundles [ 'owl-deepcopy' ]
62 info install mongoose-schema-extend@0.1.7
63 info postinstall mongoose-schema-extend@0.1.7
64 info install intranet@0.0.0
65 info postinstall intranet@0.0.0
66 info prepublish intranet@0.0.0
67 warn unmet dependency /var/www/html/node/intranet/server/node_modules/superagent/node_modules/zuul requires express@'3.4.8' but will load
67 warn unmet dependency /var/www/html/node/intranet/server/node_modules/superagent/node_modules/express,
67 warn unmet dependency which is version 4.10.6
68 warn unmet dependency /var/www/html/node/intranet/server/node_modules/superagent/node_modules/zuul requires debug@'0.7.4' but will load
68 warn unmet dependency /var/www/html/node/intranet/server/node_modules/superagent/node_modules/debug,
68 warn unmet dependency which is version 2.1.0
69 warn unmet dependency /var/www/html/node/intranet/server/node_modules/superagent/node_modules/zuul requires superagent@'0.15.7' but will load
69 warn unmet dependency /var/www/html/node/intranet/server/node_modules/superagent,
69 warn unmet dependency which is version 0.21.0
70 warn unmet dependency /var/www/html/node/intranet/server/node_modules/superagent/node_modules/qs/node_modules/lab/node_modules/handlebars requires optimist@'~0.3' but will load
70 warn unmet dependency /var/www/html/node/intranet/server/node_modules/superagent/node_modules/qs/node_modules/lab/node_modules/optimist,
70 warn unmet dependency which is version 0.6.1
71 warn unmet dependency /var/www/html/node/intranet/server/node_modules/superagent/node_modules/methods/node_modules/mocha/node_modules/jade requires commander@'0.6.1' but will load
71 warn unmet dependency /var/www/html/node/intranet/server/node_modules/superagent/node_modules/methods/node_modules/mocha/node_modules/commander,
71 warn unmet dependency which is version 2.0.0
72 warn unmet dependency /var/www/html/node/intranet/server/node_modules/superagent/node_modules/methods/node_modules/mocha/node_modules/jade requires mkdirp@'0.3.0' but will load
72 warn unmet dependency /var/www/html/node/intranet/server/node_modules/superagent/node_modules/methods/node_modules/mocha/node_modules/mkdirp,
72 warn unmet dependency which is version 0.3.5
73 warn unmet dependency /var/www/html/node/intranet/server/node_modules/superagent/node_modules/express/node_modules/mocha requires debug@'2.0.0' but will load
73 warn unmet dependency /var/www/html/node/intranet/server/node_modules/superagent/node_modules/debug,
73 warn unmet dependency which is version 2.1.0
74 warn unmet dependency /var/www/html/node/intranet/server/node_modules/superagent/node_modules/express/node_modules/mocha requires jade@'0.26.3' but will load
74 warn unmet dependency /var/www/html/node/intranet/server/node_modules/superagent/node_modules/express/node_modules/jade,
74 warn unmet dependency which is version 1.7.0
75 warn unmet dependency /var/www/html/node/intranet/server/node_modules/superagent/node_modules/express/node_modules/content-disposition/node_modules/mocha requires debug@'2.0.0' but will load
75 warn unmet dependency /var/www/html/node/intranet/server/node_modules/superagent/node_modules/debug,
75 warn unmet dependency which is version 2.1.0
76 warn unmet dependency /var/www/html/node/intranet/server/node_modules/superagent/node_modules/express/node_modules/content-disposition/node_modules/mocha requires jade@'0.26.3' but will load
76 warn unmet dependency /var/www/html/node/intranet/server/node_modules/superagent/node_modules/express/node_modules/jade,
76 warn unmet dependency which is version 1.7.0
77 warn unmet dependency /var/www/html/node/intranet/server/node_modules/superagent/node_modules/express/node_modules/finalhandler/node_modules/supertest requires superagent@'0.19.0' but will load
77 warn unmet dependency /var/www/html/node/intranet/server/node_modules/superagent,
77 warn unmet dependency which is version 0.21.0
78 warn unmet dependency /var/www/html/node/intranet/server/node_modules/superagent/node_modules/express/node_modules/methods/node_modules/mocha/node_modules/jade requires commander@'0.6.1' but will load
78 warn unmet dependency /var/www/html/node/intranet/server/node_modules/superagent/node_modules/express/node_modules/methods/node_modules/mocha/node_modules/commander,
78 warn unmet dependency which is version 2.0.0
79 warn unmet dependency /var/www/html/node/intranet/server/node_modules/superagent/node_modules/express/node_modules/methods/node_modules/mocha/node_modules/jade requires mkdirp@'0.3.0' but will load
79 warn unmet dependency /var/www/html/node/intranet/server/node_modules/superagent/node_modules/express/node_modules/methods/node_modules/mocha/node_modules/mkdirp,
79 warn unmet dependency which is version 0.3.5
80 warn unmet dependency /var/www/html/node/intranet/server/node_modules/superagent/node_modules/express/node_modules/path-to-regexp/node_modules/mocha requires debug@'2.0.0' but will load
80 warn unmet dependency /var/www/html/node/intranet/server/node_modules/superagent/node_modules/debug,
80 warn unmet dependency which is version 2.1.0
81 warn unmet dependency /var/www/html/node/intranet/server/node_modules/superagent/node_modules/express/node_modules/path-to-regexp/node_modules/mocha requires jade@'0.26.3' but will load
81 warn unmet dependency /var/www/html/node/intranet/server/node_modules/superagent/node_modules/express/node_modules/jade,
81 warn unmet dependency which is version 1.7.0
82 warn unmet dependency /var/www/html/node/intranet/server/node_modules/superagent/node_modules/express/node_modules/range-parser/node_modules/mocha requires debug@'2.0.0' but will load
82 warn unmet dependency /var/www/html/node/intranet/server/node_modules/superagent/node_modules/debug,
82 warn unmet dependency which is version 2.1.0
83 warn unmet dependency /var/www/html/node/intranet/server/node_modules/superagent/node_modules/express/node_modules/range-parser/node_modules/mocha requires jade@'0.26.3' but will load
83 warn unmet dependency /var/www/html/node/intranet/server/node_modules/superagent/node_modules/express/node_modules/jade,
83 warn unmet dependency which is version 1.7.0
84 warn unmet dependency /var/www/html/node/intranet/server/node_modules/superagent/node_modules/express/node_modules/send/node_modules/supertest requires superagent@'0.19.0' but will load
84 warn unmet dependency /var/www/html/node/intranet/server/node_modules/superagent,
84 warn unmet dependency which is version 0.21.0
85 warn unmet dependency /var/www/html/node/intranet/server/node_modules/superagent/node_modules/express/node_modules/serve-static/node_modules/supertest requires superagent@'0.19.0' but will load
85 warn unmet dependency /var/www/html/node/intranet/server/node_modules/superagent,
85 warn unmet dependency which is version 0.21.0
86 warn unmet dependency /var/www/html/node/intranet/server/node_modules/superagent/node_modules/express/node_modules/utils-merge/node_modules/mocha requires debug@'2.0.0' but will load
86 warn unmet dependency /var/www/html/node/intranet/server/node_modules/superagent/node_modules/debug,
86 warn unmet dependency which is version 2.1.0
87 warn unmet dependency /var/www/html/node/intranet/server/node_modules/superagent/node_modules/express/node_modules/utils-merge/node_modules/mocha requires jade@'0.26.3' but will load
87 warn unmet dependency /var/www/html/node/intranet/server/node_modules/superagent/node_modules/express/node_modules/jade,
87 warn unmet dependency which is version 1.7.0
88 warn unmet dependency /var/www/html/node/intranet/server/node_modules/superagent/node_modules/express/node_modules/vary/node_modules/supertest requires superagent@'0.18.0' but will load
88 warn unmet dependency /var/www/html/node/intranet/server/node_modules/superagent,
88 warn unmet dependency which is version 0.21.0
89 warn unmet dependency /var/www/html/node/intranet/server/node_modules/superagent/node_modules/express/node_modules/vary/node_modules/supertest requires methods@'1.0.0' but will load
89 warn unmet dependency /var/www/html/node/intranet/server/node_modules/superagent/node_modules/express/node_modules/methods,
89 warn unmet dependency which is version 1.1.0
90 warn unmet dependency /var/www/html/node/intranet/server/node_modules/superagent/node_modules/express/node_modules/cookie/node_modules/mocha requires debug@'2.0.0' but will load
90 warn unmet dependency /var/www/html/node/intranet/server/node_modules/superagent/node_modules/debug,
90 warn unmet dependency which is version 2.1.0
91 warn unmet dependency /var/www/html/node/intranet/server/node_modules/superagent/node_modules/express/node_modules/cookie/node_modules/mocha requires jade@'0.26.3' but will load
91 warn unmet dependency /var/www/html/node/intranet/server/node_modules/superagent/node_modules/express/node_modules/jade,
91 warn unmet dependency which is version 1.7.0
92 warn unmet dependency /var/www/html/node/intranet/server/node_modules/superagent/node_modules/express-session/node_modules/mocha requires debug@'2.0.0' but will load
92 warn unmet dependency /var/www/html/node/intranet/server/node_modules/superagent/node_modules/debug,
92 warn unmet dependency which is version 2.1.0
93 warn unmet dependency /var/www/html/node/intranet/server/node_modules/superagent/node_modules/express-session/node_modules/cookie/node_modules/mocha requires debug@'2.0.0' but will load
93 warn unmet dependency /var/www/html/node/intranet/server/node_modules/superagent/node_modules/debug,
93 warn unmet dependency which is version 2.1.0
94 warn unmet dependency /var/www/html/node/intranet/server/node_modules/superagent/node_modules/express-session/node_modules/on-headers/node_modules/mocha requires debug@'2.0.0' but will load
94 warn unmet dependency /var/www/html/node/intranet/server/node_modules/superagent/node_modules/debug,
94 warn unmet dependency which is version 2.1.0
95 warn unmet dependency /var/www/html/node/intranet/server/node_modules/superagent/node_modules/express-session/node_modules/on-headers/node_modules/supertest/node_modules/superagent requires qs@'0.6.6' but will load
95 warn unmet dependency /var/www/html/node/intranet/server/node_modules/superagent/node_modules/qs,
95 warn unmet dependency which is version 1.2.0
96 warn unmet dependency /var/www/html/node/intranet/server/node_modules/superagent/node_modules/express-session/node_modules/on-headers/node_modules/supertest/node_modules/superagent requires mime@'1.2.5' but will load
96 warn unmet dependency /var/www/html/node/intranet/server/node_modules/superagent/node_modules/mime,
96 warn unmet dependency which is version 1.2.11
97 warn unmet dependency /var/www/html/node/intranet/server/node_modules/superagent/node_modules/express-session/node_modules/on-headers/node_modules/supertest/node_modules/superagent requires methods@'0.0.1' but will load
97 warn unmet dependency /var/www/html/node/intranet/server/node_modules/superagent/node_modules/express-session/node_modules/on-headers/node_modules/supertest/node_modules/methods,
97 warn unmet dependency which is version 1.0.0
98 warn unmet dependency /var/www/html/node/intranet/server/node_modules/superagent/node_modules/express-session/node_modules/on-headers/node_modules/supertest/node_modules/superagent requires cookiejar@'1.3.2' but will load
98 warn unmet dependency /var/www/html/node/intranet/server/node_modules/superagent/node_modules/cookiejar,
98 warn unmet dependency which is version 2.0.1
99 warn unmet dependency /var/www/html/node/intranet/server/node_modules/superagent/node_modules/express-session/node_modules/on-headers/node_modules/supertest/node_modules/superagent requires debug@'~0.7.2' but will load
99 warn unmet dependency /var/www/html/node/intranet/server/node_modules/superagent/node_modules/debug,
99 warn unmet dependency which is version 2.1.0
100 warn unmet dependency /var/www/html/node/intranet/server/node_modules/superagent/node_modules/express-session/node_modules/on-headers/node_modules/supertest/node_modules/superagent requires form-data@'0.1.2' but will load
100 warn unmet dependency /var/www/html/node/intranet/server/node_modules/superagent/node_modules/form-data,
100 warn unmet dependency which is version 0.1.3
101 warn unmet dependency /var/www/html/node/intranet/server/node_modules/superagent/node_modules/express-session/node_modules/on-headers/node_modules/supertest/node_modules/express requires cookie@'0.0.5' but will load
101 warn unmet dependency /var/www/html/node/intranet/server/node_modules/superagent/node_modules/express-session/node_modules/cookie,
101 warn unmet dependency which is version 0.1.2
102 warn unmet dependency /var/www/html/node/intranet/server/node_modules/superagent/node_modules/express-session/node_modules/on-headers/node_modules/supertest/node_modules/express requires methods@'0.0.1' but will load
102 warn unmet dependency /var/www/html/node/intranet/server/node_modules/superagent/node_modules/express-session/node_modules/on-headers/node_modules/supertest/node_modules/methods,
102 warn unmet dependency which is version 1.0.0
103 warn unmet dependency /var/www/html/node/intranet/server/node_modules/superagent/node_modules/express-session/node_modules/on-headers/node_modules/supertest/node_modules/express requires cookie-signature@'0.0.1' but will load
103 warn unmet dependency /var/www/html/node/intranet/server/node_modules/superagent/node_modules/express-session/node_modules/cookie-signature,
103 warn unmet dependency which is version 1.0.5
104 warn unmet dependency /var/www/html/node/intranet/server/node_modules/superagent/node_modules/express-session/node_modules/should/node_modules/gulp requires gulp-util@'^3.0.0' but will load
104 warn unmet dependency /var/www/html/node/intranet/server/node_modules/superagent/node_modules/express-session/node_modules/should/node_modules/gulp-util,
104 warn unmet dependency which is version 2.2.20
105 warn unmet dependency /var/www/html/node/intranet/server/node_modules/superagent/node_modules/express-session/node_modules/should/node_modules/gulp-uglify requires gulp-util@'>=3.0.0 <4.0.0-0' but will load
105 warn unmet dependency /var/www/html/node/intranet/server/node_modules/superagent/node_modules/express-session/node_modules/should/node_modules/gulp-util,
105 warn unmet dependency which is version 2.2.20
106 warn unmet dependency /var/www/html/node/intranet/server/node_modules/superagent/node_modules/express-session/node_modules/should/node_modules/mocha requires debug@'2.0.0' but will load
106 warn unmet dependency /var/www/html/node/intranet/server/node_modules/superagent/node_modules/debug,
106 warn unmet dependency which is version 2.1.0
107 warn unmet dependency /var/www/html/node/intranet/server/node_modules/superagent/node_modules/express-session/node_modules/should/node_modules/zuul requires express@'3.4.8' but will load
107 warn unmet dependency /var/www/html/node/intranet/server/node_modules/superagent/node_modules/express-session/node_modules/express,
107 warn unmet dependency which is version 4.9.8
108 warn unmet dependency /var/www/html/node/intranet/server/node_modules/superagent/node_modules/express-session/node_modules/should/node_modules/zuul requires superagent@'0.15.7' but will load
108 warn unmet dependency /var/www/html/node/intranet/server/node_modules/superagent,
108 warn unmet dependency which is version 0.21.0
109 warn unmet dependency /var/www/html/node/intranet/server/node_modules/superagent/node_modules/express-session/node_modules/express/node_modules/etag requires crc@'3.0.0' but will load
109 warn unmet dependency /var/www/html/node/intranet/server/node_modules/superagent/node_modules/express-session/node_modules/crc,
109 warn unmet dependency which is version 3.2.1
110 warn unmet dependency /var/www/html/node/intranet/server/node_modules/superagent/node_modules/express-session/node_modules/express/node_modules/send requires on-finished@'2.1.0' but will load
110 warn unmet dependency /var/www/html/node/intranet/server/node_modules/superagent/node_modules/express-session/node_modules/express/node_modules/on-finished,
110 warn unmet dependency which is version 2.1.1
111 warn unmet dependency /var/www/html/node/intranet/server/node_modules/superagent/node_modules/express-session/node_modules/express/node_modules/body-parser requires on-finished@'2.1.0' but will load
111 warn unmet dependency /var/www/html/node/intranet/server/node_modules/superagent/node_modules/express-session/node_modules/express/node_modules/on-finished,
111 warn unmet dependency which is version 2.1.1
112 warn unmet dependency /var/www/html/node/intranet/server/node_modules/superagent/node_modules/express-session/node_modules/express/node_modules/express-session requires crc@'3.0.0' but will load
112 warn unmet dependency /var/www/html/node/intranet/server/node_modules/superagent/node_modules/express-session/node_modules/crc,
112 warn unmet dependency which is version 3.2.1
113 warn unmet dependency /var/www/html/node/intranet/server/node_modules/superagent/node_modules/express-session/node_modules/express/node_modules/morgan requires on-finished@'2.1.0' but will load
113 warn unmet dependency /var/www/html/node/intranet/server/node_modules/superagent/node_modules/express-session/node_modules/express/node_modules/on-finished,
113 warn unmet dependency which is version 2.1.1
114 warn unmet dependency /var/www/html/node/intranet/server/node_modules/superagent/node_modules/express-session/node_modules/express/node_modules/multiparty requires readable-stream@'~1.1.9' but will load
114 warn unmet dependency /var/www/html/node/intranet/server/node_modules/superagent/node_modules/readable-stream,
114 warn unmet dependency which is version 1.0.27-1
115 warn unmet dependency /var/www/html/node/intranet/server/node_modules/superagent/node_modules/express-session/node_modules/express/node_modules/supertest requires superagent@'0.19.0' but will load
115 warn unmet dependency /var/www/html/node/intranet/server/node_modules/superagent,
115 warn unmet dependency which is version 0.21.0
116 warn unmet dependency /var/www/html/node/intranet/server/node_modules/superagent/node_modules/express-session/node_modules/supertest/node_modules/express requires cookie@'0.0.5' but will load
116 warn unmet dependency /var/www/html/node/intranet/server/node_modules/superagent/node_modules/express-session/node_modules/cookie,
116 warn unmet dependency which is version 0.1.2
117 warn unmet dependency /var/www/html/node/intranet/server/node_modules/superagent/node_modules/express-session/node_modules/supertest/node_modules/express requires methods@'0.0.1' but will load
117 warn unmet dependency /var/www/html/node/intranet/server/node_modules/superagent/node_modules/methods,
117 warn unmet dependency which is version 1.0.1
118 warn unmet dependency /var/www/html/node/intranet/server/node_modules/superagent/node_modules/express-session/node_modules/supertest/node_modules/express requires cookie-signature@'0.0.1' but will load
118 warn unmet dependency /var/www/html/node/intranet/server/node_modules/superagent/node_modules/express-session/node_modules/cookie-signature,
118 warn unmet dependency which is version 1.0.5
119 warn unmet dependency /var/www/html/node/intranet/server/node_modules/superagent/node_modules/express/node_modules/multiparty/node_modules/superagent requires qs@'1.2.0' but will load
119 warn unmet dependency /var/www/html/node/intranet/server/node_modules/superagent/node_modules/express/node_modules/qs,
119 warn unmet dependency which is version 2.3.3
120 warn unmet dependency /var/www/html/node/intranet/server/node_modules/superagent/node_modules/express/node_modules/multiparty/node_modules/superagent requires methods@'1.0.1' but will load
120 warn unmet dependency /var/www/html/node/intranet/server/node_modules/superagent/node_modules/express/node_modules/methods,
120 warn unmet dependency which is version 1.1.0
121 warn unmet dependency /var/www/html/node/intranet/server/node_modules/superagent/node_modules/express/node_modules/multiparty/node_modules/superagent requires debug@'~2.0.0' but will load
121 warn unmet dependency /var/www/html/node/intranet/server/node_modules/superagent/node_modules/debug,
121 warn unmet dependency which is version 2.1.0
122 warn unmet dependency /var/www/html/node/intranet/server/node_modules/superagent/node_modules/express/node_modules/supertest/node_modules/express requires range-parser@'0.0.4' but will load
122 warn unmet dependency /var/www/html/node/intranet/server/node_modules/superagent/node_modules/express/node_modules/range-parser,
122 warn unmet dependency which is version 1.0.2
123 warn unmet dependency /var/www/html/node/intranet/server/node_modules/superagent/node_modules/express/node_modules/supertest/node_modules/express requires cookie@'0.0.5' but will load
123 warn unmet dependency /var/www/html/node/intranet/server/node_modules/superagent/node_modules/express/node_modules/cookie,
123 warn unmet dependency which is version 0.1.2
124 warn unmet dependency /var/www/html/node/intranet/server/node_modules/superagent/node_modules/express/node_modules/supertest/node_modules/express requires fresh@'0.1.0' but will load
124 warn unmet dependency /var/www/html/node/intranet/server/node_modules/superagent/node_modules/express/node_modules/fresh,
124 warn unmet dependency which is version 0.2.4
125 warn unmet dependency /var/www/html/node/intranet/server/node_modules/superagent/node_modules/express/node_modules/supertest/node_modules/express requires methods@'0.0.1' but will load
125 warn unmet dependency /var/www/html/node/intranet/server/node_modules/superagent/node_modules/express/node_modules/methods,
125 warn unmet dependency which is version 1.1.0
126 warn unmet dependency /var/www/html/node/intranet/server/node_modules/superagent/node_modules/express/node_modules/supertest/node_modules/express requires send@'0.1.0' but will load
126 warn unmet dependency /var/www/html/node/intranet/server/node_modules/superagent/node_modules/express/node_modules/send,
126 warn unmet dependency which is version 0.10.1
127 warn unmet dependency /var/www/html/node/intranet/server/node_modules/superagent/node_modules/express/node_modules/supertest/node_modules/express requires cookie-signature@'0.0.1' but will load
127 warn unmet dependency /var/www/html/node/intranet/server/node_modules/superagent/node_modules/express/node_modules/cookie-signature,
127 warn unmet dependency which is version 1.0.5
128 warn unmet dependency /var/www/html/node/intranet/server/node_modules/superagent/node_modules/express/node_modules/supertest/node_modules/mocha requires jade@'0.26.3' but will load
128 warn unmet dependency /var/www/html/node/intranet/server/node_modules/superagent/node_modules/express/node_modules/jade,
128 warn unmet dependency which is version 1.7.0
129 warn unmet dependency /var/www/html/node/intranet/server/node_modules/superagent/node_modules/express/node_modules/after/node_modules/mocha requires jade@'0.26.3' but will load
129 warn unmet dependency /var/www/html/node/intranet/server/node_modules/superagent/node_modules/express/node_modules/jade,
129 warn unmet dependency which is version 1.7.0
130 warn unmet dependency /var/www/html/node/intranet/server/node_modules/superagent/node_modules/express/node_modules/method-override/node_modules/mocha requires debug@'2.0.0' but will load
130 warn unmet dependency /var/www/html/node/intranet/server/node_modules/superagent/node_modules/debug,
130 warn unmet dependency which is version 2.1.0
131 warn unmet dependency /var/www/html/node/intranet/server/node_modules/superagent/node_modules/express/node_modules/method-override/node_modules/mocha requires jade@'0.26.3' but will load
131 warn unmet dependency /var/www/html/node/intranet/server/node_modules/superagent/node_modules/express/node_modules/jade,
131 warn unmet dependency which is version 1.7.0
132 warn unmet dependency /var/www/html/node/intranet/server/node_modules/superagent/node_modules/express/node_modules/method-override/node_modules/supertest/node_modules/superagent requires qs@'1.2.0' but will load
132 warn unmet dependency /var/www/html/node/intranet/server/node_modules/superagent/node_modules/express/node_modules/qs,
132 warn unmet dependency which is version 2.3.3
133 warn unmet dependency /var/www/html/node/intranet/server/node_modules/superagent/node_modules/express/node_modules/method-override/node_modules/supertest/node_modules/superagent requires methods@'1.0.1' but will load
133 warn unmet dependency /var/www/html/node/intranet/server/node_modules/superagent/node_modules/express/node_modules/methods,
133 warn unmet dependency which is version 1.1.0
134 warn unmet dependency /var/www/html/node/intranet/server/node_modules/superagent/node_modules/express/node_modules/method-override/node_modules/supertest/node_modules/superagent requires debug@'~1.0.1' but will load
134 warn unmet dependency /var/www/html/node/intranet/server/node_modules/superagent/node_modules/debug,
134 warn unmet dependency which is version 2.1.0
135 warn unmet dependency /var/www/html/node/intranet/server/node_modules/superagent/node_modules/express/node_modules/method-override/node_modules/supertest/node_modules/express requires range-parser@'0.0.4' but will load
135 warn unmet dependency /var/www/html/node/intranet/server/node_modules/superagent/node_modules/express/node_modules/range-parser,
135 warn unmet dependency which is version 1.0.2
136 warn unmet dependency /var/www/html/node/intranet/server/node_modules/superagent/node_modules/express/node_modules/method-override/node_modules/supertest/node_modules/express requires cookie@'0.0.5' but will load
136 warn unmet dependency /var/www/html/node/intranet/server/node_modules/superagent/node_modules/express/node_modules/cookie,
136 warn unmet dependency which is version 0.1.2
137 warn unmet dependency /var/www/html/node/intranet/server/node_modules/superagent/node_modules/express/node_modules/method-override/node_modules/supertest/node_modules/express requires fresh@'0.1.0' but will load
137 warn unmet dependency /var/www/html/node/intranet/server/node_modules/superagent/node_modules/express/node_modules/fresh,
137 warn unmet dependency which is version 0.2.4
138 warn unmet dependency /var/www/html/node/intranet/server/node_modules/superagent/node_modules/express/node_modules/method-override/node_modules/supertest/node_modules/express requires methods@'0.0.1' but will load
138 warn unmet dependency /var/www/html/node/intranet/server/node_modules/superagent/node_modules/express/node_modules/methods,
138 warn unmet dependency which is version 1.1.0
139 warn unmet dependency /var/www/html/node/intranet/server/node_modules/superagent/node_modules/express/node_modules/method-override/node_modules/supertest/node_modules/express requires send@'0.1.0' but will load
139 warn unmet dependency /var/www/html/node/intranet/server/node_modules/superagent/node_modules/express/node_modules/send,
139 warn unmet dependency which is version 0.10.1
140 warn unmet dependency /var/www/html/node/intranet/server/node_modules/superagent/node_modules/express/node_modules/method-override/node_modules/supertest/node_modules/express requires cookie-signature@'0.0.1' but will load
140 warn unmet dependency /var/www/html/node/intranet/server/node_modules/superagent/node_modules/express/node_modules/cookie-signature,
140 warn unmet dependency which is version 1.0.5
141 warn unmet dependency /var/www/html/node/intranet/server/node_modules/superagent/node_modules/express/node_modules/method-override/node_modules/supertest/node_modules/mocha requires jade@'0.26.3' but will load
141 warn unmet dependency /var/www/html/node/intranet/server/node_modules/superagent/node_modules/express/node_modules/jade,
141 warn unmet dependency which is version 1.7.0
142 warn unmet dependency /var/www/html/node/intranet/server/node_modules/superagent/node_modules/express/node_modules/morgan/node_modules/supertest requires superagent@'0.19.0' but will load
142 warn unmet dependency /var/www/html/node/intranet/server/node_modules/superagent,
142 warn unmet dependency which is version 0.21.0
143 warn unmet dependency /var/www/html/node/intranet/server/node_modules/superagent/node_modules/express/node_modules/vhost/node_modules/supertest requires superagent@'0.18.0' but will load
143 warn unmet dependency /var/www/html/node/intranet/server/node_modules/superagent,
143 warn unmet dependency which is version 0.21.0
144 warn unmet dependency /var/www/html/node/intranet/server/node_modules/superagent/node_modules/express/node_modules/vhost/node_modules/supertest requires methods@'1.0.0' but will load
144 warn unmet dependency /var/www/html/node/intranet/server/node_modules/superagent/node_modules/express/node_modules/methods,
144 warn unmet dependency which is version 1.1.0
145 warn unmet dependency /var/www/html/node/intranet/server/node_modules/superagent/node_modules/body-parser/node_modules/type-is/node_modules/mocha requires debug@'2.0.0' but will load
145 warn unmet dependency /var/www/html/node/intranet/server/node_modules/superagent/node_modules/debug,
145 warn unmet dependency which is version 2.1.0
146 warn unmet dependency /var/www/html/node/intranet/server/node_modules/superagent/node_modules/body-parser/node_modules/mocha/node_modules/coffee-script requires mkdirp@'~0.3.5' but will load
146 warn unmet dependency undefined,
146 warn unmet dependency which is version undefined
147 warn unmet dependency /var/www/html/node/intranet/server/node_modules/superagent/node_modules/body-parser/node_modules/istanbul/node_modules/escodegen requires esprima@'~1.1.1' but will load
147 warn unmet dependency undefined,
147 warn unmet dependency which is version undefined
148 warn unmet dependency /var/www/html/node/intranet/server/node_modules/superagent/node_modules/body-parser/node_modules/istanbul/node_modules/js-yaml requires esprima@'~ 1.0.2' but will load
148 warn unmet dependency undefined,
148 warn unmet dependency which is version undefined
149 warn unmet dependency /var/www/html/node/intranet/server/node_modules/superagent/node_modules/body-parser/node_modules/istanbul/node_modules/coveralls requires js-yaml@'3.0.1' but will load
149 warn unmet dependency /var/www/html/node/intranet/server/node_modules/superagent/node_modules/body-parser/node_modules/istanbul/node_modules/js-yaml,
149 warn unmet dependency which is version 3.2.4
150 warn unmet dependency /var/www/html/node/intranet/server/node_modules/superagent/node_modules/body-parser/node_modules/istanbul/node_modules/coveralls requires request@'2.40.0' but will load
150 warn unmet dependency /var/www/html/node/intranet/server/node_modules/request,
150 warn unmet dependency which is version 2.44.0
151 warn unmet dependency /var/www/html/node/intranet/server/node_modules/superagent/node_modules/body-parser/node_modules/supertest/node_modules/express requires methods@'0.0.1' but will load
151 warn unmet dependency /var/www/html/node/intranet/server/node_modules/superagent/node_modules/body-parser/node_modules/methods,
151 warn unmet dependency which is version 1.1.0
152 warn unmet dependency /var/www/html/node/intranet/server/node_modules/superagent/node_modules/should/node_modules/browserify requires readable-stream@'^1.0.33-1' but will load
152 warn unmet dependency /var/www/html/node/intranet/server/node_modules/superagent/node_modules/readable-stream,
152 warn unmet dependency which is version 1.0.27-1
153 warn unmet dependency /var/www/html/node/intranet/server/node_modules/superagent/node_modules/should/node_modules/jsdom/node_modules/htmlparser2 requires readable-stream@'1.1' but will load
153 warn unmet dependency /var/www/html/node/intranet/server/node_modules/superagent/node_modules/readable-stream,
153 warn unmet dependency which is version 1.0.27-1
154 warn unmet dependency /var/www/html/node/intranet/server/node_modules/superagent/node_modules/should/node_modules/jsdom/node_modules/http-server requires optimist@'0.5.x' but will load
154 warn unmet dependency /var/www/html/node/intranet/server/node_modules/superagent/node_modules/should/node_modules/jsdom/node_modules/optimist,
154 warn unmet dependency which is version 0.6.1
155 warn unmet dependency /var/www/html/node/intranet/server/node_modules/superagent/node_modules/should/node_modules/jsdom/node_modules/selenium-standalone requires request@'^2.47.0' but will load
155 warn unmet dependency /var/www/html/node/intranet/server/node_modules/request,
155 warn unmet dependency which is version 2.44.0
156 warn unmet dependency /var/www/html/node/intranet/server/node_modules/superagent/node_modules/basic-auth-connect/node_modules/connect/node_modules/mocha requires debug@'2.0.0' but will load
156 warn unmet dependency /var/www/html/node/intranet/server/node_modules/superagent/node_modules/debug,
156 warn unmet dependency which is version 2.1.0
157 warn unmet dependency /var/www/html/node/intranet/server/node_modules/superagent/node_modules/basic-auth-connect/node_modules/connect/node_modules/utils-merge/node_modules/mocha requires debug@'2.0.0' but will load
157 warn unmet dependency /var/www/html/node/intranet/server/node_modules/superagent/node_modules/debug,
157 warn unmet dependency which is version 2.1.0
158 warn unmet dependency /var/www/html/node/intranet/server/node_modules/superagent/node_modules/basic-auth-connect/node_modules/connect/node_modules/should/node_modules/gulp requires gulp-util@'^3.0.0' but will load
158 warn unmet dependency /var/www/html/node/intranet/server/node_modules/superagent/node_modules/basic-auth-connect/node_modules/connect/node_modules/should/node_modules/gulp-util,
158 warn unmet dependency which is version 2.2.20
159 warn unmet dependency /var/www/html/node/intranet/server/node_modules/superagent/node_modules/basic-auth-connect/node_modules/connect/node_modules/should/node_modules/gulp-mocha requires gulp-util@'^3.0.0' but will load
159 warn unmet dependency /var/www/html/node/intranet/server/node_modules/superagent/node_modules/basic-auth-connect/node_modules/connect/node_modules/should/node_modules/gulp-util,
159 warn unmet dependency which is version 2.2.20
160 warn unmet dependency /var/www/html/node/intranet/server/node_modules/superagent/node_modules/basic-auth-connect/node_modules/connect/node_modules/should/node_modules/gulp-mocha requires mocha@'^1' but will load
160 warn unmet dependency /var/www/html/node/intranet/server/node_modules/superagent/node_modules/basic-auth-connect/node_modules/connect/node_modules/mocha,
160 warn unmet dependency which is version 2.0.1
161 warn unmet dependency /var/www/html/node/intranet/server/node_modules/superagent/node_modules/basic-auth-connect/node_modules/connect/node_modules/should/node_modules/gulp-uglify requires gulp-util@'>=3.0.0 <4.0.0-0' but will load
161 warn unmet dependency /var/www/html/node/intranet/server/node_modules/superagent/node_modules/basic-auth-connect/node_modules/connect/node_modules/should/node_modules/gulp-util,
161 warn unmet dependency which is version 2.2.20
162 warn unmet dependency /var/www/html/node/intranet/server/node_modules/superagent/node_modules/basic-auth-connect/node_modules/connect/node_modules/supertest/node_modules/superagent requires methods@'1.0.1' but will load
162 warn unmet dependency /var/www/html/node/intranet/server/node_modules/superagent/node_modules/basic-auth-connect/node_modules/connect/node_modules/supertest/node_modules/methods,
162 warn unmet dependency which is version 1.1.0
163 warn unmet dependency /var/www/html/node/intranet/server/node_modules/superagent/node_modules/basic-auth-connect/node_modules/connect/node_modules/supertest/node_modules/superagent requires debug@'~1.0.1' but will load
163 warn unmet dependency /var/www/html/node/intranet/server/node_modules/superagent/node_modules/debug,
163 warn unmet dependency which is version 2.1.0
164 warn unmet dependency /var/www/html/node/intranet/server/node_modules/superagent/node_modules/basic-auth-connect/node_modules/connect/node_modules/supertest/node_modules/express requires connect@'2.7.2' but will load
164 warn unmet dependency /var/www/html/node/intranet/server/node_modules/superagent/node_modules/basic-auth-connect/node_modules/connect,
164 warn unmet dependency which is version 3.3.3
165 warn unmet dependency /var/www/html/node/intranet/server/node_modules/superagent/node_modules/basic-auth-connect/node_modules/connect/node_modules/supertest/node_modules/express requires methods@'0.0.1' but will load
165 warn unmet dependency /var/www/html/node/intranet/server/node_modules/superagent/node_modules/basic-auth-connect/node_modules/connect/node_modules/supertest/node_modules/methods,
165 warn unmet dependency which is version 1.1.0
166 warn unmet dependency /var/www/html/node/intranet/server/node_modules/superagent/node_modules/basic-auth-connect/node_modules/supertest/node_modules/should/node_modules/browserify requires readable-stream@'^1.0.33-1' but will load
166 warn unmet dependency /var/www/html/node/intranet/server/node_modules/superagent/node_modules/readable-stream,
166 warn unmet dependency which is version 1.0.27-1
167 warn unmet dependency /var/www/html/node/intranet/server/node_modules/superagent/node_modules/basic-auth-connect/node_modules/supertest/node_modules/mocha/node_modules/jade requires commander@'0.6.1' but will load
167 warn unmet dependency /var/www/html/node/intranet/server/node_modules/superagent/node_modules/basic-auth-connect/node_modules/supertest/node_modules/mocha/node_modules/commander,
167 warn unmet dependency which is version 2.0.0
168 warn unmet dependency /var/www/html/node/intranet/server/node_modules/superagent/node_modules/basic-auth-connect/node_modules/supertest/node_modules/mocha/node_modules/jade requires mkdirp@'0.3.0' but will load
168 warn unmet dependency /var/www/html/node/intranet/server/node_modules/superagent/node_modules/basic-auth-connect/node_modules/supertest/node_modules/mocha/node_modules/mkdirp,
168 warn unmet dependency which is version 0.3.5
169 warn unmet dependency /var/www/html/node/intranet/server/node_modules/superagent/node_modules/basic-auth-connect/node_modules/supertest/node_modules/express/node_modules/connect requires qs@'0.5.1' but will load
169 warn unmet dependency /var/www/html/node/intranet/server/node_modules/superagent/node_modules/qs,
169 warn unmet dependency which is version 1.2.0
170 warn unmet dependency /var/www/html/node/intranet/server/node_modules/superagent/node_modules/basic-auth-connect/node_modules/supertest/node_modules/express/node_modules/connect requires formidable@'1.0.11' but will load
170 warn unmet dependency /var/www/html/node/intranet/server/node_modules/superagent/node_modules/formidable,
170 warn unmet dependency which is version 1.0.14
171 warn unmet dependency /var/www/html/node/intranet/server/node_modules/superagent/node_modules/basic-auth-connect/node_modules/supertest/node_modules/express/node_modules/send requires mime@'1.2.6' but will load
171 warn unmet dependency /var/www/html/node/intranet/server/node_modules/superagent/node_modules/mime,
171 warn unmet dependency which is version 1.2.11
172 warn unmet dependency /var/www/html/node/intranet/server/node_modules/superagent/node_modules/basic-auth-connect/node_modules/supertest/node_modules/express/node_modules/jade requires commander@'~2.5.0' but will load
172 warn unmet dependency /var/www/html/node/intranet/server/node_modules/superagent/node_modules/basic-auth-connect/node_modules/supertest/node_modules/express/node_modules/commander,
172 warn unmet dependency which is version 0.6.1
173 warn unmet dependency /var/www/html/node/intranet/server/node_modules/superagent/node_modules/basic-auth-connect/node_modules/supertest/node_modules/express/node_modules/jade requires mkdirp@'~0.5.0' but will load
173 warn unmet dependency /var/www/html/node/intranet/server/node_modules/superagent/node_modules/basic-auth-connect/node_modules/supertest/node_modules/express/node_modules/mkdirp,
173 warn unmet dependency which is version 0.3.3
174 warn unmet dependency /var/www/html/node/intranet/server/node_modules/superagent/node_modules/basic-auth-connect/node_modules/supertest/node_modules/express/node_modules/supertest requires superagent@'0.5.0' but will load
174 warn unmet dependency /var/www/html/node/intranet/server/node_modules/superagent,
174 warn unmet dependency which is version 0.21.0
175 warn unmet dependency /var/www/html/node/intranet/server/node_modules/jquery/node_modules/grunt-bowercopy/node_modules/bower requires q@'~0.9.2' but will load
175 warn unmet dependency /var/www/html/node/intranet/server/node_modules/q,
175 warn unmet dependency which is version 1.0.1
176 warn unmet dependency /var/www/html/node/intranet/server/node_modules/jquery/node_modules/grunt-bowercopy/node_modules/bower requires request@'~2.27.0' but will load
176 warn unmet dependency /var/www/html/node/intranet/server/node_modules/request,
176 warn unmet dependency which is version 2.44.0
177 warn unmet dependency /var/www/html/node/intranet/server/node_modules/jquery/node_modules/jsdom/node_modules/http-server requires optimist@'0.5.x' but will load
177 warn unmet dependency /var/www/html/node/intranet/server/node_modules/jquery/node_modules/jsdom/node_modules/optimist,
177 warn unmet dependency which is version 0.6.1
178 warn unmet dependency /var/www/html/node/intranet/server/node_modules/jquery/node_modules/jsdom/node_modules/jshint requires underscore@'1.6.x' but will load
178 warn unmet dependency /var/www/html/node/intranet/server/node_modules/underscore,
178 warn unmet dependency which is version 1.7.0
179 warn unmet dependency /var/www/html/node/intranet/server/node_modules/jquery/node_modules/jsdom/node_modules/selenium-standalone requires request@'^2.47.0' but will load
179 warn unmet dependency /var/www/html/node/intranet/server/node_modules/request,
179 warn unmet dependency which is version 2.44.0
180 warn unmet dependency /var/www/html/node/intranet/server/node_modules/jquery/node_modules/jsdom/node_modules/wd requires request@'~2.36.0' but will load
180 warn unmet dependency /var/www/html/node/intranet/server/node_modules/request,
180 warn unmet dependency which is version 2.44.0
181 warn unmet dependency /var/www/html/node/intranet/server/node_modules/jquery/node_modules/grunt/node_modules/findup-sync requires glob@'~3.2.9' but will load
181 warn unmet dependency /var/www/html/node/intranet/server/node_modules/jquery/node_modules/grunt/node_modules/glob,
181 warn unmet dependency which is version 3.1.21
182 warn unmet dependency /var/www/html/node/intranet/server/node_modules/jquery/node_modules/grunt/node_modules/findup-sync requires lodash@'~2.4.1' but will load
182 warn unmet dependency /var/www/html/node/intranet/server/node_modules/jquery/node_modules/grunt/node_modules/lodash,
182 warn unmet dependency which is version 0.9.2
183 warn unmet dependency /var/www/html/node/intranet/server/node_modules/jquery/node_modules/grunt/node_modules/shelljs/node_modules/jshint requires shelljs@'0.1.x' but will load
183 warn unmet dependency /var/www/html/node/intranet/server/node_modules/jquery/node_modules/grunt/node_modules/shelljs,
183 warn unmet dependency which is version 0.2.6
184 warn unmet dependency /var/www/html/node/intranet/server/node_modules/jquery/node_modules/grunt/node_modules/shelljs/node_modules/jshint requires underscore@'1.4.x' but will load
184 warn unmet dependency /var/www/html/node/intranet/server/node_modules/underscore,
184 warn unmet dependency which is version 1.7.0
185 warn unmet dependency /var/www/html/node/intranet/server/node_modules/jquery/node_modules/grunt-cli/node_modules/resolve/node_modules/tap requires nopt@'~2' but will load
185 warn unmet dependency /var/www/html/node/intranet/server/node_modules/jquery/node_modules/grunt-cli/node_modules/nopt,
185 warn unmet dependency which is version 1.0.10
186 warn unmet dependency /var/www/html/node/intranet/server/node_modules/jquery/node_modules/grunt-contrib-jshint/node_modules/jshint requires underscore@'1.4.x' but will load
186 warn unmet dependency /var/www/html/node/intranet/server/node_modules/underscore,
186 warn unmet dependency which is version 1.7.0
187 warn unmet dependency /var/www/html/node/intranet/server/node_modules/jquery/node_modules/grunt-contrib-jshint/node_modules/grunt-contrib-nodeunit/node_modules/grunt-contrib-jshint requires jshint@'~0.9.0' but will load
187 warn unmet dependency /var/www/html/node/intranet/server/node_modules/jquery/node_modules/grunt-contrib-jshint/node_modules/jshint,
187 warn unmet dependency which is version 2.4.4
188 warn unmet dependency /var/www/html/node/intranet/server/node_modules/jquery/node_modules/grunt-contrib-uglify/node_modules/grunt-contrib-jshint/node_modules/jshint requires underscore@'1.4.x' but will load
188 warn unmet dependency /var/www/html/node/intranet/server/node_modules/underscore,
188 warn unmet dependency which is version 1.7.0
189 warn unmet dependency /var/www/html/node/intranet/server/node_modules/jquery/node_modules/grunt-contrib-watch/node_modules/grunt-contrib-jshint/node_modules/jshint requires underscore@'1.4.x' but will load
189 warn unmet dependency /var/www/html/node/intranet/server/node_modules/underscore,
189 warn unmet dependency which is version 1.7.0
190 warn unmet dependency /var/www/html/node/intranet/server/node_modules/jquery/node_modules/grunt-jscs-checker/node_modules/jscs requires vow@'0.3.9' but will load
190 warn unmet dependency /var/www/html/node/intranet/server/node_modules/jquery/node_modules/grunt-jscs-checker/node_modules/vow,
190 warn unmet dependency which is version 0.4.7
191 error peerinvalid The package grunt does not satisfy its siblings' peerDependencies requirements!
191 error peerinvalid Peer grunt-compare-size@0.4.0 wants grunt@>= 0.4.0 < 0.5
191 error peerinvalid Peer grunt-contrib-jshint@0.8.0 wants grunt@~0.4.0
191 error peerinvalid Peer grunt-contrib-uglify@0.3.2 wants grunt@~0.4.0
191 error peerinvalid Peer grunt-contrib-watch@0.5.3 wants grunt@~0.4.0
191 error peerinvalid Peer grunt-jscs-checker@0.4.1 wants grunt@~0.4.2
192 error System Linux 3.13.0-43-generic
193 error command "/usr/local/bin/node" "/usr/local/bin/npm" "install"
194 error cwd /var/www/html/node/intranet/server
195 error node -v v0.10.34
196 error npm -v 1.4.28
197 error code EPEERINVALID
198 verbose exit [ 1, true ]
