0 info it worked if it ends with ok
1 verbose cli [ '/usr/local/bin/node', '/usr/local/bin/npm', 'install' ]
2 info using npm@1.4.28
3 info using node@v0.10.34
4 warn package.json Hikick-India@0.0.1 No README data
5 verbose readDependencies using package.json deps
6 verbose install where, deps [ '/var/www/html/angular/try-intranet-bracket/bracket',
6 verbose install   [ 'partialify',
6 verbose install     'browserify-shim',
6 verbose install     'angular',
6 verbose install     'angular-bootstrap',
6 verbose install     'angular-ui-router',
6 verbose install     'ng-tags-input',
6 verbose install     'browserify',
6 verbose install     'watchify' ] ]
7 info preinstall Hikick-India@0.0.1
8 verbose readDependencies using package.json deps
9 verbose cache add [ 'partialify@', null ]
10 verbose cache add name=undefined spec="partialify@" args=["partialify@",null]
11 verbose parsed url { protocol: null,
11 verbose parsed url   slashes: null,
11 verbose parsed url   auth: null,
11 verbose parsed url   host: null,
11 verbose parsed url   port: null,
11 verbose parsed url   hostname: null,
11 verbose parsed url   hash: null,
11 verbose parsed url   search: null,
11 verbose parsed url   query: null,
11 verbose parsed url   pathname: 'partialify@',
11 verbose parsed url   path: 'partialify@',
11 verbose parsed url   href: 'partialify@' }
12 verbose cache add [ 'browserify-shim@3.8.0', null ]
13 verbose cache add name=undefined spec="browserify-shim@3.8.0" args=["browserify-shim@3.8.0",null]
14 verbose parsed url { protocol: null,
14 verbose parsed url   slashes: null,
14 verbose parsed url   auth: null,
14 verbose parsed url   host: null,
14 verbose parsed url   port: null,
14 verbose parsed url   hostname: null,
14 verbose parsed url   hash: null,
14 verbose parsed url   search: null,
14 verbose parsed url   query: null,
14 verbose parsed url   pathname: 'browserify-shim@3.8.0',
14 verbose parsed url   path: 'browserify-shim@3.8.0',
14 verbose parsed url   href: 'browserify-shim@3.8.0' }
15 verbose cache add [ 'angular@1.3.4', null ]
16 verbose cache add name=undefined spec="angular@1.3.4" args=["angular@1.3.4",null]
17 verbose parsed url { protocol: null,
17 verbose parsed url   slashes: null,
17 verbose parsed url   auth: null,
17 verbose parsed url   host: null,
17 verbose parsed url   port: null,
17 verbose parsed url   hostname: null,
17 verbose parsed url   hash: null,
17 verbose parsed url   search: null,
17 verbose parsed url   query: null,
17 verbose parsed url   pathname: 'angular@1.3.4',
17 verbose parsed url   path: 'angular@1.3.4',
17 verbose parsed url   href: 'angular@1.3.4' }
18 verbose cache add [ 'angular-bootstrap@0.11.0', null ]
19 verbose cache add name=undefined spec="angular-bootstrap@0.11.0" args=["angular-bootstrap@0.11.0",null]
20 verbose parsed url { protocol: null,
20 verbose parsed url   slashes: null,
20 verbose parsed url   auth: null,
20 verbose parsed url   host: null,
20 verbose parsed url   port: null,
20 verbose parsed url   hostname: null,
20 verbose parsed url   hash: null,
20 verbose parsed url   search: null,
20 verbose parsed url   query: null,
20 verbose parsed url   pathname: 'angular-bootstrap@0.11.0',
20 verbose parsed url   path: 'angular-bootstrap@0.11.0',
20 verbose parsed url   href: 'angular-bootstrap@0.11.0' }
21 verbose cache add [ 'angular-ui-router@0.2.11', null ]
22 verbose cache add name=undefined spec="angular-ui-router@0.2.11" args=["angular-ui-router@0.2.11",null]
23 verbose parsed url { protocol: null,
23 verbose parsed url   slashes: null,
23 verbose parsed url   auth: null,
23 verbose parsed url   host: null,
23 verbose parsed url   port: null,
23 verbose parsed url   hostname: null,
23 verbose parsed url   hash: null,
23 verbose parsed url   search: null,
23 verbose parsed url   query: null,
23 verbose parsed url   pathname: 'angular-ui-router@0.2.11',
23 verbose parsed url   path: 'angular-ui-router@0.2.11',
23 verbose parsed url   href: 'angular-ui-router@0.2.11' }
24 verbose cache add [ 'ng-tags-input@2.1.1', null ]
25 verbose cache add name=undefined spec="ng-tags-input@2.1.1" args=["ng-tags-input@2.1.1",null]
26 verbose parsed url { protocol: null,
26 verbose parsed url   slashes: null,
26 verbose parsed url   auth: null,
26 verbose parsed url   host: null,
26 verbose parsed url   port: null,
26 verbose parsed url   hostname: null,
26 verbose parsed url   hash: null,
26 verbose parsed url   search: null,
26 verbose parsed url   query: null,
26 verbose parsed url   pathname: 'ng-tags-input@2.1.1',
26 verbose parsed url   path: 'ng-tags-input@2.1.1',
26 verbose parsed url   href: 'ng-tags-input@2.1.1' }
27 verbose cache add [ 'browserify@^5.11.2', null ]
28 verbose cache add name=undefined spec="browserify@^5.11.2" args=["browserify@^5.11.2",null]
29 verbose parsed url { protocol: null,
29 verbose parsed url   slashes: null,
29 verbose parsed url   auth: null,
29 verbose parsed url   host: null,
29 verbose parsed url   port: null,
29 verbose parsed url   hostname: null,
29 verbose parsed url   hash: null,
29 verbose parsed url   search: null,
29 verbose parsed url   query: null,
29 verbose parsed url   pathname: 'browserify@^5.11.2',
29 verbose parsed url   path: 'browserify@^5.11.2',
29 verbose parsed url   href: 'browserify@^5.11.2' }
30 verbose cache add [ 'watchify@^1.0.2', null ]
31 verbose cache add name=undefined spec="watchify@^1.0.2" args=["watchify@^1.0.2",null]
32 verbose parsed url { protocol: null,
32 verbose parsed url   slashes: null,
32 verbose parsed url   auth: null,
32 verbose parsed url   host: null,
32 verbose parsed url   port: null,
32 verbose parsed url   hostname: null,
32 verbose parsed url   hash: null,
32 verbose parsed url   search: null,
32 verbose parsed url   query: null,
32 verbose parsed url   pathname: 'watchify@^1.0.2',
32 verbose parsed url   path: 'watchify@^1.0.2',
32 verbose parsed url   href: 'watchify@^1.0.2' }
33 verbose cache add name="partialify" spec="" args=["partialify",""]
34 verbose parsed url { protocol: null,
34 verbose parsed url   slashes: null,
34 verbose parsed url   auth: null,
34 verbose parsed url   host: null,
34 verbose parsed url   port: null,
34 verbose parsed url   hostname: null,
34 verbose parsed url   hash: null,
34 verbose parsed url   search: null,
34 verbose parsed url   query: null,
34 verbose parsed url   pathname: null,
34 verbose parsed url   path: null,
34 verbose parsed url   href: '' }
35 verbose addNamed [ 'partialify', '' ]
36 verbose addNamed [ null, '*' ]
37 verbose cache add name="browserify-shim" spec="3.8.0" args=["browserify-shim","3.8.0"]
38 verbose parsed url { protocol: null,
38 verbose parsed url   slashes: null,
38 verbose parsed url   auth: null,
38 verbose parsed url   host: null,
38 verbose parsed url   port: null,
38 verbose parsed url   hostname: null,
38 verbose parsed url   hash: null,
38 verbose parsed url   search: null,
38 verbose parsed url   query: null,
38 verbose parsed url   pathname: '3.8.0',
38 verbose parsed url   path: '3.8.0',
38 verbose parsed url   href: '3.8.0' }
39 verbose addNamed [ 'browserify-shim', '3.8.0' ]
40 verbose addNamed [ '3.8.0', '3.8.0' ]
41 verbose cache add name="angular" spec="1.3.4" args=["angular","1.3.4"]
42 verbose parsed url { protocol: null,
42 verbose parsed url   slashes: null,
42 verbose parsed url   auth: null,
42 verbose parsed url   host: null,
42 verbose parsed url   port: null,
42 verbose parsed url   hostname: null,
42 verbose parsed url   hash: null,
42 verbose parsed url   search: null,
42 verbose parsed url   query: null,
42 verbose parsed url   pathname: '1.3.4',
42 verbose parsed url   path: '1.3.4',
42 verbose parsed url   href: '1.3.4' }
43 verbose addNamed [ 'angular', '1.3.4' ]
44 verbose addNamed [ '1.3.4', '1.3.4' ]
45 verbose cache add name="angular-bootstrap" spec="0.11.0" args=["angular-bootstrap","0.11.0"]
46 verbose parsed url { protocol: null,
46 verbose parsed url   slashes: null,
46 verbose parsed url   auth: null,
46 verbose parsed url   host: null,
46 verbose parsed url   port: null,
46 verbose parsed url   hostname: null,
46 verbose parsed url   hash: null,
46 verbose parsed url   search: null,
46 verbose parsed url   query: null,
46 verbose parsed url   pathname: '0.11.0',
46 verbose parsed url   path: '0.11.0',
46 verbose parsed url   href: '0.11.0' }
47 verbose addNamed [ 'angular-bootstrap', '0.11.0' ]
48 verbose addNamed [ '0.11.0', '0.11.0' ]
49 verbose cache add name="angular-ui-router" spec="0.2.11" args=["angular-ui-router","0.2.11"]
50 verbose parsed url { protocol: null,
50 verbose parsed url   slashes: null,
50 verbose parsed url   auth: null,
50 verbose parsed url   host: null,
50 verbose parsed url   port: null,
50 verbose parsed url   hostname: null,
50 verbose parsed url   hash: null,
50 verbose parsed url   search: null,
50 verbose parsed url   query: null,
50 verbose parsed url   pathname: '0.2.11',
50 verbose parsed url   path: '0.2.11',
50 verbose parsed url   href: '0.2.11' }
51 verbose addNamed [ 'angular-ui-router', '0.2.11' ]
52 verbose addNamed [ '0.2.11', '0.2.11' ]
53 verbose cache add name="ng-tags-input" spec="2.1.1" args=["ng-tags-input","2.1.1"]
54 verbose parsed url { protocol: null,
54 verbose parsed url   slashes: null,
54 verbose parsed url   auth: null,
54 verbose parsed url   host: null,
54 verbose parsed url   port: null,
54 verbose parsed url   hostname: null,
54 verbose parsed url   hash: null,
54 verbose parsed url   search: null,
54 verbose parsed url   query: null,
54 verbose parsed url   pathname: '2.1.1',
54 verbose parsed url   path: '2.1.1',
54 verbose parsed url   href: '2.1.1' }
55 verbose addNamed [ 'ng-tags-input', '2.1.1' ]
56 verbose addNamed [ '2.1.1', '2.1.1' ]
57 verbose cache add name="browserify" spec="^5.11.2" args=["browserify","^5.11.2"]
58 verbose parsed url { protocol: null,
58 verbose parsed url   slashes: null,
58 verbose parsed url   auth: null,
58 verbose parsed url   host: null,
58 verbose parsed url   port: null,
58 verbose parsed url   hostname: null,
58 verbose parsed url   hash: null,
58 verbose parsed url   search: null,
58 verbose parsed url   query: null,
58 verbose parsed url   pathname: '^5.11.2',
58 verbose parsed url   path: '^5.11.2',
58 verbose parsed url   href: '^5.11.2' }
59 verbose addNamed [ 'browserify', '^5.11.2' ]
60 verbose addNamed [ null, '>=5.11.2-0 <6.0.0-0' ]
61 verbose cache add name="watchify" spec="^1.0.2" args=["watchify","^1.0.2"]
62 verbose parsed url { protocol: null,
62 verbose parsed url   slashes: null,
62 verbose parsed url   auth: null,
62 verbose parsed url   host: null,
62 verbose parsed url   port: null,
62 verbose parsed url   hostname: null,
62 verbose parsed url   hash: null,
62 verbose parsed url   search: null,
62 verbose parsed url   query: null,
62 verbose parsed url   pathname: '^1.0.2',
62 verbose parsed url   path: '^1.0.2',
62 verbose parsed url   href: '^1.0.2' }
63 verbose addNamed [ 'watchify', '^1.0.2' ]
64 verbose addNamed [ null, '>=1.0.2-0 <2.0.0-0' ]
65 silly lockFile f5e59846-partialify partialify@
66 verbose lock partialify@ /home/innofied/.npm/f5e59846-partialify.lock
67 silly lockFile 463b5097-browserify-shim-3-8-0 browserify-shim@3.8.0
68 verbose lock browserify-shim@3.8.0 /home/innofied/.npm/463b5097-browserify-shim-3-8-0.lock
69 silly lockFile 0ebdd7a2-angular-1-3-4 angular@1.3.4
70 verbose lock angular@1.3.4 /home/innofied/.npm/0ebdd7a2-angular-1-3-4.lock
71 silly lockFile 9b8dd201-angular-bootstrap-0-11-0 angular-bootstrap@0.11.0
72 verbose lock angular-bootstrap@0.11.0 /home/innofied/.npm/9b8dd201-angular-bootstrap-0-11-0.lock
73 silly lockFile ca9f5ec7-angular-ui-router-0-2-11 angular-ui-router@0.2.11
74 verbose lock angular-ui-router@0.2.11 /home/innofied/.npm/ca9f5ec7-angular-ui-router-0-2-11.lock
75 silly lockFile 46f24768-ng-tags-input-2-1-1 ng-tags-input@2.1.1
76 verbose lock ng-tags-input@2.1.1 /home/innofied/.npm/46f24768-ng-tags-input-2-1-1.lock
77 silly lockFile c591553f-browserify-5-11-2 browserify@^5.11.2
78 verbose lock browserify@^5.11.2 /home/innofied/.npm/c591553f-browserify-5-11-2.lock
79 silly lockFile da550681-watchify-1-0-2 watchify@^1.0.2
80 verbose lock watchify@^1.0.2 /home/innofied/.npm/da550681-watchify-1-0-2.lock
81 silly addNameRange { name: 'partialify', range: '*', hasData: false }
82 silly addNameRange { name: 'browserify',
82 silly addNameRange   range: '>=5.11.2-0 <6.0.0-0',
82 silly addNameRange   hasData: false }
83 silly addNameRange { name: 'watchify', range: '>=1.0.2-0 <2.0.0-0', hasData: false }
84 verbose request where is /partialify
85 verbose request registry https://registry.npmjs.org/
86 verbose request id 867d5b481025fa44
87 verbose url raw /partialify
88 verbose url resolving [ 'https://registry.npmjs.org/', './partialify' ]
89 verbose url resolved https://registry.npmjs.org/partialify
90 verbose request where is https://registry.npmjs.org/partialify
91 info trying registry request attempt 1 at 18:10:59
92 verbose etag "4Y1DBKTA4SRROOGHLX17B8ICP"
93 http GET https://registry.npmjs.org/partialify
94 verbose request where is /browserify-shim
95 verbose request registry https://registry.npmjs.org/
96 verbose url raw /browserify-shim
97 verbose url resolving [ 'https://registry.npmjs.org/', './browserify-shim' ]
98 verbose url resolved https://registry.npmjs.org/browserify-shim
99 verbose request where is https://registry.npmjs.org/browserify-shim
100 info trying registry request attempt 1 at 18:10:59
101 verbose etag "4MSQG2720ZZIW7GSDD2RXJO4N"
102 http GET https://registry.npmjs.org/browserify-shim
103 verbose request where is /angular
104 verbose request registry https://registry.npmjs.org/
105 verbose url raw /angular
106 verbose url resolving [ 'https://registry.npmjs.org/', './angular' ]
107 verbose url resolved https://registry.npmjs.org/angular
108 verbose request where is https://registry.npmjs.org/angular
109 info trying registry request attempt 1 at 18:10:59
110 verbose etag "EVR6VTBO64UQ8RSEKQMQ6YFWS"
111 http GET https://registry.npmjs.org/angular
112 verbose request where is /angular-bootstrap
113 verbose request registry https://registry.npmjs.org/
114 verbose url raw /angular-bootstrap
115 verbose url resolving [ 'https://registry.npmjs.org/', './angular-bootstrap' ]
116 verbose url resolved https://registry.npmjs.org/angular-bootstrap
117 verbose request where is https://registry.npmjs.org/angular-bootstrap
118 info trying registry request attempt 1 at 18:10:59
119 verbose etag "75A5CM87ZDKXM40LKQ87286R9"
120 http GET https://registry.npmjs.org/angular-bootstrap
121 verbose request where is /angular-ui-router
122 verbose request registry https://registry.npmjs.org/
123 verbose url raw /angular-ui-router
124 verbose url resolving [ 'https://registry.npmjs.org/', './angular-ui-router' ]
125 verbose url resolved https://registry.npmjs.org/angular-ui-router
126 verbose request where is https://registry.npmjs.org/angular-ui-router
127 info trying registry request attempt 1 at 18:10:59
128 verbose etag "5400N9HJBTAQ66J7E160C3CK5"
129 http GET https://registry.npmjs.org/angular-ui-router
130 verbose request where is /ng-tags-input
131 verbose request registry https://registry.npmjs.org/
132 verbose url raw /ng-tags-input
133 verbose url resolving [ 'https://registry.npmjs.org/', './ng-tags-input' ]
134 verbose url resolved https://registry.npmjs.org/ng-tags-input
135 verbose request where is https://registry.npmjs.org/ng-tags-input
136 info trying registry request attempt 1 at 18:10:59
137 verbose etag "F4IVDGOCE0YMAQUQZ2DX3ZQ9G"
138 http GET https://registry.npmjs.org/ng-tags-input
139 verbose request where is /browserify
140 verbose request registry https://registry.npmjs.org/
141 verbose url raw /browserify
142 verbose url resolving [ 'https://registry.npmjs.org/', './browserify' ]
143 verbose url resolved https://registry.npmjs.org/browserify
144 verbose request where is https://registry.npmjs.org/browserify
145 info trying registry request attempt 1 at 18:10:59
146 verbose etag "EQ662ZM0P0V6IFWKRTQX5BI4W"
147 http GET https://registry.npmjs.org/browserify
148 verbose request where is /watchify
149 verbose request registry https://registry.npmjs.org/
150 verbose url raw /watchify
151 verbose url resolving [ 'https://registry.npmjs.org/', './watchify' ]
152 verbose url resolved https://registry.npmjs.org/watchify
153 verbose request where is https://registry.npmjs.org/watchify
154 info trying registry request attempt 1 at 18:10:59
155 verbose etag "AEUXVLQGBEEGKN9BPZ66TS4TH"
156 http GET https://registry.npmjs.org/watchify
157 http 304 https://registry.npmjs.org/angular-bootstrap
158 silly registry.get cb [ 304,
158 silly registry.get   { date: 'Tue, 06 Jan 2015 12:41:00 GMT',
158 silly registry.get     server: 'CouchDB/1.5.0 (Erlang OTP/R16B03)',
158 silly registry.get     etag: '"75A5CM87ZDKXM40LKQ87286R9"',
158 silly registry.get     'cache-control': 'max-age=60',
158 silly registry.get     'accept-ranges': 'bytes',
158 silly registry.get     via: '1.1 varnish',
158 silly registry.get     'x-served-by': 'cache-lax1422-LAX',
158 silly registry.get     'x-cache': 'MISS',
158 silly registry.get     'x-cache-hits': '0',
158 silly registry.get     'x-timer': 'S1420548060.415133,VS0,VE40',
158 silly registry.get     'content-length': '0',
158 silly registry.get     'keep-alive': 'timeout=10, max=50',
158 silly registry.get     connection: 'Keep-Alive' } ]
159 verbose etag https://registry.npmjs.org/angular-bootstrap from cache
160 error TypeError: Cannot read property '0.11.0' of undefined
160 error     at /usr/local/lib/node_modules/npm/lib/cache/add-named.js:123:27
160 error     at saved (/usr/local/lib/node_modules/npm/node_modules/npm-registry-client/lib/get.js:167:7)
160 error     at Object.oncomplete (fs.js:108:15)
161 error If you need help, you may report this *entire* log,
161 error including the npm and node versions, at:
161 error     <http://github.com/npm/npm/issues>
162 error System Linux 3.13.0-43-generic
163 error command "/usr/local/bin/node" "/usr/local/bin/npm" "install"
164 error cwd /var/www/html/angular/try-intranet-bracket/bracket
165 error node -v v0.10.34
166 error npm -v 1.4.28
167 error type non_object_property_load
168 verbose exit [ 1, true ]
